<?xml version="1.0" encoding="UTF-8"?>
<testng-results skipped="0" failed="0" ignored="0" total="1" passed="1">
  <reporter-output>
  </reporter-output>
  <suite name="Default suite" duration-ms="46" started-at="2019-05-16T13:10:26Z" finished-at="2019-05-16T13:10:26Z">
    <groups>
    </groups>
    <test name="Default test" duration-ms="46" started-at="2019-05-16T13:10:26Z" finished-at="2019-05-16T13:10:26Z">
      <class name="ReadJSON.LoadFromURL">
        <test-method status="PASS" signature="testingTrail()[pri:0, instance:ReadJSON.LoadFromURL@120ebad]" name="testingTrail" duration-ms="21" started-at="2019-05-16T13:10:26Z" finished-at="2019-05-16T13:10:26Z">
          <reporter-output>
          </reporter-output>
        </test-method> <!-- testingTrail -->
      </class> <!-- ReadJSON.LoadFromURL -->
    </test> <!-- Default test -->
  </suite> <!-- Default suite -->
</testng-results>
