<?xml version="1.0" encoding="UTF-8"?>
<testng-results skipped="0" failed="0" ignored="0" total="1" passed="1">
  <reporter-output>
  </reporter-output>
  <suite name="Default suite" duration-ms="63" started-at="2019-05-19T12:49:35Z" finished-at="2019-05-19T12:49:35Z">
    <groups>
    </groups>
    <test name="Default test" duration-ms="63" started-at="2019-05-19T12:49:35Z" finished-at="2019-05-19T12:49:35Z">
      <class name="ReadJSON.LoadFromURLTest">
        <test-method status="PASS" signature="testingTrail()[pri:0, instance:ReadJSON.LoadFromURLTest@120ebad]" name="testingTrail" duration-ms="31" started-at="2019-05-19T12:49:35Z" finished-at="2019-05-19T12:49:35Z">
          <reporter-output>
          </reporter-output>
        </test-method> <!-- testingTrail -->
      </class> <!-- ReadJSON.LoadFromURLTest -->
    </test> <!-- Default test -->
  </suite> <!-- Default suite -->
</testng-results>
